TN:
SF:src\components\personal_cabinet\student\studentCabinetUtils.ts
FN:146,getLevelName
FN:149,getLevelLabel
FN:152,getGreeting
FN:161,getFirstName
FN:163,toYMD
FN:170,addMinutesToTime
FN:178,formatSessionDayLabel
FN:194,getDifficultyShort
FN:205,isActiveBooking
FN:208,resolveBookingStartDate
FN:221,getLessonAgeDays
FN:234,isBookingInTodayRecommendationWindow
FN:245,formatBookingDayMonth
FN:259,formatCourseDateRangeLabel
FN:275,formatRecentLessonDateLabel
FN:284,getRecentLessonTitle
FN:303,getRecentLessonInstructorLabel
FN:310,getTodayTaskBookingContext
FN:327,getNextSession
FN:353,getLevelProgressPercent
FN:369,getSectionProgress
FN:401,getSkillItemRingCategory
FN:409,matchesSkillRingFilter
FN:421,getPrioritySkillItems
FN:473,getNextStepAction
FN:518,getTodayTasks
FN:582,getAchievements
FN:648,getRecommendedCourses
FN:670,getRecommendedInstructors
FN:686,filterBookingsByScope
FN:697,getStudentStats
FN:717,historyEventPrefix
FN:736,formatActivityTimestamp
FN:745,mapActivityLogToHistoryEvent
FN:856,getLegacyHistoryEvents
FN:901,getHistoryEvents
FN:956,isBookingReviewed
FN:969,countPendingRecommendations
FN:974,enrichHistoryEventsWithActions
FN:1056,filterHistoryEvents
FN:1070,groupHistoryByMonth
FN:1101,buildStudentHistory
FN:1119,getNeedsAttentionBookings
FN:1138,getRecentLessons
FN:1173,isBookingOnDate
FN:1189,startOfWeekMonday
FN:1207,getMiniCalendarDays
FN:1235,getWeekBookedSessions
FN:1255,getNextCalendarSession
FN:1272,getInstructorsForStudent
FN:1275,getMyInstructors
FN:1302,getEnrolledCourses
FN:1317,getAvailableCourses
FN:1326,getCourseTrackLabel
FN:1329,aggregateSkillItemProgress
FNF:55
FNH:25
FNDA:0,getLevelName
FNDA:0,getLevelLabel
FNDA:0,getGreeting
FNDA:0,getFirstName
FNDA:0,toYMD
FNDA:0,addMinutesToTime
FNDA:0,formatSessionDayLabel
FNDA:4,getDifficultyShort
FNDA:0,isActiveBooking
FNDA:22,resolveBookingStartDate
FNDA:4,getLessonAgeDays
FNDA:3,isBookingInTodayRecommendationWindow
FNDA:9,formatBookingDayMonth
FNDA:0,formatCourseDateRangeLabel
FNDA:0,formatRecentLessonDateLabel
FNDA:0,getRecentLessonTitle
FNDA:0,getRecentLessonInstructorLabel
FNDA:0,getTodayTaskBookingContext
FNDA:0,getNextSession
FNDA:0,getLevelProgressPercent
FNDA:0,getSectionProgress
FNDA:4,getSkillItemRingCategory
FNDA:3,matchesSkillRingFilter
FNDA:1,getPrioritySkillItems
FNDA:0,getNextStepAction
FNDA:0,getTodayTasks
FNDA:0,getAchievements
FNDA:1,getRecommendedCourses
FNDA:1,getRecommendedInstructors
FNDA:2,filterBookingsByScope
FNDA:0,getStudentStats
FNDA:0,historyEventPrefix
FNDA:5,formatActivityTimestamp
FNDA:5,mapActivityLogToHistoryEvent
FNDA:3,getLegacyHistoryEvents
FNDA:5,getHistoryEvents
FNDA:8,isBookingReviewed
FNDA:1,countPendingRecommendations
FNDA:1,enrichHistoryEventsWithActions
FNDA:2,filterHistoryEvents
FNDA:1,groupHistoryByMonth
FNDA:1,buildStudentHistory
FNDA:6,getNeedsAttentionBookings
FNDA:0,getRecentLessons
FNDA:0,isBookingOnDate
FNDA:0,startOfWeekMonday
FNDA:0,getMiniCalendarDays
FNDA:0,getWeekBookedSessions
FNDA:0,getNextCalendarSession
FNDA:0,getInstructorsForStudent
FNDA:2,getMyInstructors
FNDA:3,getEnrolledCourses
FNDA:1,getAvailableCourses
FNDA:0,getCourseTrackLabel
FNDA:0,aggregateSkillItemProgress
DA:1,1
DA:118,1
DA:119,1
DA:120,1
DA:121,1
DA:122,1
DA:123,1
DA:125,1
DA:126,1
DA:127,1
DA:128,1
DA:129,1
DA:130,1
DA:132,1
DA:133,1
DA:134,1
DA:135,1
DA:136,1
DA:137,1
DA:139,1
DA:140,1
DA:141,1
DA:142,1
DA:143,1
DA:144,1
DA:146,1
DA:147,0
DA:149,1
DA:150,0
DA:152,1
DA:153,0
DA:154,0
DA:155,0
DA:156,0
DA:157,0
DA:158,0
DA:159,0
DA:161,1
DA:163,1
DA:164,0
DA:165,0
DA:166,0
DA:167,0
DA:168,0
DA:170,1
DA:171,0
DA:172,0
DA:173,0
DA:174,0
DA:175,0
DA:176,0
DA:178,1
DA:179,0
DA:180,0
DA:181,0
DA:182,0
DA:183,0
DA:184,0
DA:185,0
DA:186,0
DA:187,0
DA:188,0
DA:189,0
DA:190,0
DA:191,0
DA:192,0
DA:194,1
DA:195,4
DA:196,4
DA:197,4
DA:198,4
DA:199,4
DA:200,4
DA:201,4
DA:202,4
DA:203,4
DA:205,1
DA:206,0
DA:208,1
DA:209,22
DA:210,0
DA:211,0
DA:212,0
DA:213,0
DA:214,0
DA:215,22
DA:216,22
DA:219,1
DA:221,1
DA:222,4
DA:223,4
DA:224,4
DA:225,4
DA:226,4
DA:227,4
DA:228,4
DA:229,4
DA:230,4
DA:231,4
DA:232,4
DA:234,1
DA:235,3
DA:236,3
DA:237,3
DA:238,3
DA:239,3
DA:240,3
DA:241,3
DA:242,3
DA:243,3
DA:245,1
DA:246,9
DA:247,9
DA:248,9
DA:249,9
DA:250,9
DA:251,9
DA:252,9
DA:253,9
DA:254,9
DA:255,9
DA:256,9
DA:257,9
DA:259,1
DA:260,0
DA:261,0
DA:262,0
DA:263,0
DA:264,0
DA:265,0
DA:266,0
DA:267,0
DA:268,0
DA:269,0
DA:270,0
DA:271,0
DA:272,0
DA:273,0
DA:275,1
DA:276,0
DA:277,0
DA:278,0
DA:280,0
DA:281,0
DA:282,0
DA:284,1
DA:285,0
DA:286,0
DA:287,0
DA:288,0
DA:289,0
DA:290,0
DA:291,0
DA:292,0
DA:293,0
DA:294,0
DA:295,0
DA:296,0
DA:297,0
DA:298,0
DA:299,0
DA:300,0
DA:301,0
DA:303,1
DA:304,0
DA:305,0
DA:306,0
DA:307,0
DA:308,0
DA:310,1
DA:311,0
DA:312,0
DA:313,0
DA:314,0
DA:315,0
DA:316,0
DA:317,0
DA:318,0
DA:319,0
DA:320,0
DA:321,0
DA:322,0
DA:323,0
DA:324,0
DA:325,0
DA:327,1
DA:328,0
DA:329,0
DA:331,0
DA:332,0
DA:333,0
DA:334,0
DA:335,0
DA:336,0
DA:337,0
DA:338,0
DA:339,0
DA:340,0
DA:341,0
DA:342,0
DA:343,0
DA:344,0
DA:345,0
DA:346,0
DA:347,0
DA:348,0
DA:350,0
DA:351,0
DA:353,1
DA:354,0
DA:355,0
DA:356,0
DA:357,0
DA:358,0
DA:359,0
DA:360,0
DA:361,0
DA:362,0
DA:363,0
DA:364,0
DA:365,0
DA:366,0
DA:367,0
DA:369,1
DA:370,0
DA:371,0
DA:372,0
DA:373,0
DA:374,0
DA:375,0
DA:376,0
DA:377,0
DA:378,0
DA:380,0
DA:381,0
DA:382,0
DA:383,0
DA:384,0
DA:385,0
DA:386,0
DA:387,0
DA:389,0
DA:390,0
DA:391,0
DA:392,0
DA:393,0
DA:394,0
DA:395,0
DA:396,0
DA:397,0
DA:401,1
DA:402,4
DA:403,3
DA:404,3
DA:405,1
DA:406,0
DA:407,0
DA:409,1
DA:410,3
DA:421,1
DA:422,1
DA:423,1
DA:424,1
DA:425,1
DA:426,1
DA:427,1
DA:428,1
DA:429,1
DA:430,1
DA:431,1
DA:433,1
DA:434,1
DA:435,1
DA:436,15
DA:437,15
DA:438,15
DA:439,15
DA:440,15
DA:441,15
DA:442,15
DA:443,15
DA:444,15
DA:445,15
DA:446,15
DA:447,1
DA:448,1
DA:449,1
DA:450,36
DA:451,33
DA:452,1
DA:453,1
DA:454,1
DA:473,1
DA:474,0
DA:475,0
DA:476,0
DA:477,0
DA:478,0
DA:480,0
DA:481,0
DA:482,0
DA:483,0
DA:484,0
DA:485,0
DA:486,0
DA:487,0
DA:489,0
DA:490,0
DA:491,0
DA:492,0
DA:494,0
DA:495,0
DA:496,0
DA:497,0
DA:498,0
DA:499,0
DA:500,0
DA:501,0
DA:502,0
DA:503,0
DA:504,0
DA:505,0
DA:507,0
DA:508,0
DA:509,0
DA:510,0
DA:511,0
DA:512,0
DA:513,0
DA:514,0
DA:515,0
DA:516,0
DA:518,1
DA:519,0
DA:520,0
DA:521,0
DA:522,0
DA:523,0
DA:524,0
DA:525,0
DA:526,0
DA:527,0
DA:529,0
DA:530,0
DA:531,0
DA:532,0
DA:533,0
DA:534,0
DA:535,0
DA:536,0
DA:537,0
DA:538,0
DA:539,0
DA:540,0
DA:541,0
DA:542,0
DA:543,0
DA:544,0
DA:545,0
DA:546,0
DA:547,0
DA:548,0
DA:549,0
DA:551,0
DA:552,0
DA:553,0
DA:554,0
DA:555,0
DA:556,0
DA:557,0
DA:558,0
DA:559,0
DA:560,0
DA:561,0
DA:563,0
DA:564,0
DA:565,0
DA:566,0
DA:567,0
DA:568,0
DA:569,0
DA:570,0
DA:571,0
DA:572,0
DA:574,0
DA:575,0
DA:576,0
DA:577,0
DA:578,0
DA:582,1
DA:583,0
DA:584,0
DA:585,0
DA:586,0
DA:587,0
DA:588,0
DA:589,0
DA:590,0
DA:591,0
DA:592,0
DA:593,0
DA:594,0
DA:595,0
DA:596,0
DA:597,0
DA:598,0
DA:599,0
DA:600,0
DA:601,0
DA:602,0
DA:603,0
DA:605,0
DA:606,0
DA:607,0
DA:608,0
DA:609,0
DA:611,0
DA:612,0
DA:613,0
DA:614,0
DA:615,0
DA:616,0
DA:617,0
DA:618,0
DA:619,0
DA:620,0
DA:621,0
DA:623,0
DA:624,0
DA:625,0
DA:626,0
DA:627,0
DA:628,0
DA:629,0
DA:630,0
DA:631,0
DA:632,0
DA:633,0
DA:634,0
DA:635,0
DA:636,0
DA:637,0
DA:638,0
DA:639,0
DA:641,1
DA:642,1
DA:643,1
DA:644,1
DA:645,1
DA:646,1
DA:648,1
DA:649,1
DA:650,1
DA:651,1
DA:652,1
DA:653,1
DA:654,1
DA:655,1
DA:656,1
DA:657,1
DA:659,1
DA:660,1
DA:661,1
DA:662,1
DA:663,1
DA:664,1
DA:665,1
DA:666,1
DA:667,1
DA:668,1
DA:670,1
DA:671,1
DA:672,1
DA:673,1
DA:674,1
DA:675,1
DA:676,1
DA:678,1
DA:679,1
DA:680,1
DA:681,1
DA:682,1
DA:686,1
DA:687,2
DA:688,2
DA:689,1
DA:690,1
DA:691,2
DA:692,1
DA:693,1
DA:694,1
DA:695,1
DA:697,1
DA:698,0
DA:699,0
DA:700,0
DA:701,0
DA:702,0
DA:703,0
DA:704,0
DA:705,0
DA:706,0
DA:707,0
DA:708,0
DA:709,0
DA:710,0
DA:711,0
DA:712,0
DA:713,0
DA:714,0
DA:715,0
DA:717,1
DA:718,0
DA:719,0
DA:720,0
DA:721,0
DA:722,0
DA:723,0
DA:724,0
DA:725,0
DA:726,0
DA:727,0
DA:728,0
DA:729,0
DA:730,0
DA:731,0
DA:732,0
DA:734,1
DA:736,1
DA:737,5
DA:738,5
DA:739,5
DA:740,5
DA:741,5
DA:742,5
DA:743,5
DA:745,1
DA:746,5
DA:747,5
DA:748,5
DA:749,5
DA:750,5
DA:751,5
DA:753,5
DA:754,5
DA:755,2
DA:756,2
DA:757,0
DA:758,0
DA:759,0
DA:760,0
DA:761,2
DA:762,2
DA:763,2
DA:764,1
DA:765,1
DA:766,2
DA:767,1
DA:768,1
DA:769,2
DA:770,2
DA:771,2
DA:772,2
DA:773,2
DA:774,2
DA:775,2
DA:776,2
DA:777,2
DA:778,2
DA:779,5
DA:780,2
DA:781,2
DA:782,2
DA:783,2
DA:784,2
DA:785,2
DA:786,2
DA:787,2
DA:788,5
DA:789,0
DA:790,0
DA:791,0
DA:792,0
DA:793,0
DA:794,0
DA:795,0
DA:796,0
DA:797,0
DA:798,0
DA:799,0
DA:800,5
DA:801,1
DA:802,1
DA:803,1
DA:804,1
DA:805,1
DA:806,1
DA:807,1
DA:808,0
DA:809,1
DA:810,1
DA:811,1
DA:812,5
DA:813,0
DA:814,0
DA:815,0
DA:816,0
DA:817,0
DA:818,0
DA:819,0
DA:820,0
DA:821,0
DA:822,5
DA:823,0
DA:824,0
DA:825,0
DA:826,0
DA:827,0
DA:828,0
DA:829,0
DA:830,0
DA:831,0
DA:832,5
DA:833,0
DA:834,0
DA:835,0
DA:836,0
DA:837,0
DA:838,0
DA:839,0
DA:840,0
DA:841,0
DA:842,0
DA:843,0
DA:844,0
DA:845,5
DA:846,0
DA:847,0
DA:848,0
DA:849,0
DA:850,0
DA:851,0
DA:852,0
DA:853,5
DA:854,5
DA:856,1
DA:857,3
DA:858,3
DA:859,3
DA:860,3
DA:861,3
DA:862,3
DA:863,3
DA:864,3
DA:865,3
DA:866,3
DA:867,0
DA:868,3
DA:870,3
DA:871,3
DA:872,3
DA:873,3
DA:874,3
DA:875,3
DA:876,3
DA:877,3
DA:878,3
DA:879,3
DA:880,3
DA:881,3
DA:883,3
DA:884,3
DA:885,3
DA:886,3
DA:887,0
DA:888,3
DA:889,3
DA:890,3
DA:891,3
DA:892,3
DA:893,3
DA:894,3
DA:895,3
DA:896,3
DA:898,3
DA:899,3
DA:901,1
DA:902,5
DA:903,5
DA:904,5
DA:905,5
DA:906,5
DA:907,5
DA:908,5
DA:909,5
DA:911,5
DA:912,5
DA:913,5
DA:914,5
DA:915,5
DA:916,5
DA:918,5
DA:919,5
DA:920,5
DA:921,0
DA:922,5
DA:923,5
DA:924,5
DA:925,3
DA:926,3
DA:927,3
DA:928,3
DA:929,3
DA:930,3
DA:931,3
DA:932,0
DA:933,0
DA:934,0
DA:935,0
DA:936,3
DA:937,3
DA:938,3
DA:939,3
DA:940,3
DA:941,5
DA:943,5
DA:944,5
DA:945,5
DA:946,3
DA:947,3
DA:948,3
DA:949,2
DA:951,5
DA:952,6
DA:953,5
DA:954,5
DA:956,1
DA:957,8
DA:958,7
DA:959,7
DA:960,2
DA:961,0
DA:962,0
DA:963,0
DA:964,7
DA:965,7
DA:969,1
DA:970,1
DA:971,1
DA:972,1
DA:974,1
DA:975,1
DA:976,1
DA:977,1
DA:978,1
DA:979,1
DA:981,1
DA:982,2
DA:983,1
DA:984,1
DA:986,1
DA:987,1
DA:988,1
DA:989,0
DA:990,1
DA:992,1
DA:993,1
DA:994,1
DA:995,1
DA:996,1
DA:997,1
DA:998,1
DA:999,1
DA:1000,1
DA:1001,1
DA:1003,0
DA:1004,0
DA:1005,0
DA:1006,0
DA:1007,0
DA:1008,0
DA:1009,0
DA:1010,0
DA:1011,0
DA:1012,0
DA:1014,0
DA:1015,0
DA:1016,0
DA:1017,0
DA:1018,0
DA:1019,0
DA:1020,0
DA:1021,0
DA:1023,1
DA:1024,1
DA:1025,1
DA:1026,1
DA:1027,1
DA:1028,1
DA:1029,1
DA:1030,1
DA:1031,1
DA:1033,2
DA:1034,0
DA:1035,0
DA:1036,0
DA:1037,0
DA:1038,0
DA:1039,0
DA:1040,0
DA:1041,0
DA:1043,2
DA:1044,0
DA:1045,0
DA:1046,0
DA:1047,0
DA:1048,0
DA:1049,0
DA:1050,0
DA:1051,0
DA:1053,0
DA:1054,0
DA:1056,1
DA:1057,2
DA:1058,2
DA:1059,2
DA:1060,2
DA:1061,2
DA:1062,1
DA:1063,1
DA:1064,1
DA:1065,1
DA:1066,1
DA:1067,0
DA:1068,0
DA:1070,1
DA:1071,1
DA:1072,1
DA:1073,1
DA:1074,1
DA:1076,1
DA:1077,2
DA:1078,2
DA:1079,2
DA:1080,2
DA:1081,2
DA:1082,2
DA:1083,1
DA:1085,1
DA:1086,1
DA:1087,1
DA:1088,2
DA:1089,2
DA:1090,2
DA:1091,2
DA:1092,2
DA:1093,2
DA:1094,2
DA:1095,2
DA:1096,2
DA:1097,2
DA:1098,1
DA:1099,1
DA:1101,1
DA:1102,1
DA:1103,1
DA:1104,1
DA:1105,1
DA:1106,1
DA:1107,1
DA:1108,1
DA:1109,1
DA:1111,1
DA:1112,1
DA:1113,1
DA:1114,1
DA:1115,1
DA:1116,1
DA:1117,1
DA:1119,1
DA:1120,6
DA:1121,6
DA:1122,6
DA:1123,6
DA:1124,6
DA:1126,6
DA:1127,6
DA:1128,6
DA:1129,6
DA:1130,6
DA:1131,6
DA:1132,7
DA:1133,3
DA:1134,6
DA:1135,6
DA:1136,6
DA:1138,1
DA:1139,0
DA:1140,0
DA:1141,0
DA:1142,0
DA:1143,0
DA:1144,0
DA:1145,0
DA:1146,0
DA:1147,0
DA:1148,0
DA:1149,0
DA:1150,0
DA:1151,0
DA:1152,0
DA:1153,0
DA:1154,0
DA:1155,0
DA:1156,0
DA:1157,0
DA:1158,0
DA:1159,0
DA:1160,0
DA:1161,0
DA:1162,0
DA:1163,0
DA:1164,0
DA:1165,0
DA:1166,0
DA:1167,0
DA:1168,0
DA:1169,0
DA:1170,0
DA:1173,1
DA:1174,0
DA:1175,0
DA:1177,0
DA:1178,0
DA:1179,0
DA:1180,0
DA:1181,0
DA:1182,0
DA:1183,0
DA:1184,0
DA:1186,0
DA:1187,0
DA:1189,1
DA:1190,0
DA:1191,0
DA:1192,0
DA:1193,0
DA:1194,0
DA:1195,0
DA:1196,0
DA:1207,1
DA:1208,0
DA:1209,0
DA:1210,0
DA:1211,0
DA:1212,0
DA:1213,0
DA:1214,0
DA:1215,0
DA:1217,0
DA:1218,0
DA:1219,0
DA:1220,0
DA:1221,0
DA:1222,0
DA:1223,0
DA:1224,0
DA:1225,0
DA:1226,0
DA:1227,0
DA:1228,0
DA:1229,0
DA:1230,0
DA:1231,0
DA:1232,0
DA:1235,1
DA:1236,0
DA:1237,0
DA:1238,0
DA:1240,0
DA:1241,0
DA:1242,0
DA:1243,0
DA:1244,0
DA:1245,0
DA:1246,0
DA:1247,0
DA:1249,0
DA:1250,0
DA:1251,0
DA:1252,0
DA:1253,0
DA:1255,1
DA:1256,0
DA:1257,0
DA:1258,0
DA:1259,0
DA:1260,0
DA:1261,0
DA:1262,0
DA:1263,0
DA:1264,0
DA:1265,0
DA:1266,0
DA:1267,0
DA:1268,0
DA:1269,0
DA:1270,0
DA:1272,1
DA:1273,0
DA:1275,1
DA:1276,2
DA:1277,2
DA:1278,2
DA:1279,2
DA:1280,2
DA:1282,2
DA:1283,2
DA:1284,2
DA:1285,4
DA:1286,3
DA:1287,3
DA:1288,3
DA:1289,2
DA:1290,2
DA:1291,2
DA:1292,2
DA:1293,2
DA:1295,2
DA:1296,2
DA:1297,2
DA:1298,0
DA:1299,2
DA:1300,2
DA:1302,1
DA:1303,3
DA:1304,3
DA:1305,3
DA:1306,3
DA:1307,6
DA:1308,4
DA:1309,4
DA:1310,2
DA:1311,3
DA:1312,3
DA:1313,3
DA:1314,3
DA:1315,3
DA:1317,1
DA:1318,1
DA:1319,1
DA:1320,1
DA:1321,1
DA:1322,1
DA:1323,1
DA:1324,1
DA:1326,1
DA:1327,0
DA:1329,1
DA:1330,0
DA:1331,0
DA:1332,0
LF:1062
LH:505
BRDA:194,0,0,4
BRDA:202,1,0,0
BRDA:208,2,0,22
BRDA:209,3,0,0
BRDA:221,4,0,4
BRDA:228,5,0,0
BRDA:234,6,0,3
BRDA:241,7,0,0
BRDA:242,8,0,2
BRDA:245,9,0,9
BRDA:252,10,0,0
BRDA:253,11,0,0
BRDA:401,12,0,4
BRDA:402,13,0,3
BRDA:402,14,0,3
BRDA:404,15,0,1
BRDA:405,16,0,0
BRDA:409,17,0,3
BRDA:410,18,0,2
BRDA:421,19,0,1
BRDA:427,20,0,0
BRDA:428,21,0,0
BRDA:430,22,0,0
BRDA:431,23,0,0
BRDA:434,24,0,51
BRDA:435,25,0,15
BRDA:436,26,0,13
BRDA:438,27,0,0
BRDA:448,28,0,15
BRDA:449,29,0,36
BRDA:450,30,0,3
BRDA:450,31,0,0
BRDA:450,32,0,33
BRDA:648,33,0,1
BRDA:654,34,0,0
BRDA:654,35,0,0
BRDA:660,36,0,2
BRDA:661,37,0,1
BRDA:662,38,0,0
BRDA:663,39,0,0
BRDA:664,40,0,0
BRDA:665,41,0,0
BRDA:670,42,0,1
BRDA:676,43,0,1
BRDA:679,44,0,2
BRDA:686,45,0,2
BRDA:687,46,0,0
BRDA:688,47,0,1
BRDA:690,48,0,2
BRDA:691,49,0,1
BRDA:691,50,0,1
BRDA:694,51,0,2
BRDA:694,52,0,1
BRDA:736,53,0,5
BRDA:738,54,0,0
BRDA:739,55,0,0
BRDA:745,56,0,5
BRDA:750,57,0,0
BRDA:754,58,0,2
BRDA:755,59,0,1
BRDA:756,60,0,0
BRDA:761,61,0,0
BRDA:761,62,0,0
BRDA:763,63,0,1
BRDA:766,64,0,1
BRDA:774,65,0,1
BRDA:774,66,0,1
BRDA:779,67,0,2
BRDA:785,68,0,0
BRDA:788,69,0,0
BRDA:800,70,0,1
BRDA:807,71,0,0
BRDA:812,72,0,0
BRDA:822,73,0,0
BRDA:832,74,0,0
BRDA:845,75,0,0
BRDA:856,76,0,3
BRDA:883,77,0,0
BRDA:886,78,0,0
BRDA:891,79,0,0
BRDA:865,80,0,3
BRDA:870,81,0,3
BRDA:898,82,0,3
BRDA:901,83,0,5
BRDA:945,84,0,3
BRDA:945,85,0,0
BRDA:945,86,0,3
BRDA:948,87,0,2
BRDA:909,88,0,5
BRDA:913,89,0,5
BRDA:914,90,0,2
BRDA:919,91,0,5
BRDA:924,92,0,3
BRDA:931,93,0,0
BRDA:943,94,0,5
BRDA:947,95,0,6
BRDA:951,96,0,6
BRDA:956,97,0,8
BRDA:957,98,0,1
BRDA:957,99,0,7
BRDA:959,100,0,2
BRDA:960,101,0,0
BRDA:969,102,0,1
BRDA:974,103,0,1
BRDA:981,104,0,2
BRDA:982,105,0,1
BRDA:982,106,0,1
BRDA:984,107,0,0
BRDA:988,108,0,0
BRDA:988,109,0,0
BRDA:1001,110,0,0
BRDA:1031,111,0,0
BRDA:1033,112,0,0
BRDA:1043,113,0,0
BRDA:983,114,0,1
BRDA:1056,115,0,2
BRDA:1060,116,0,0
BRDA:1061,117,0,1
BRDA:1066,118,0,0
BRDA:1061,119,0,2
BRDA:1064,120,0,2
BRDA:1064,121,0,1
BRDA:1064,122,0,1
BRDA:1070,123,0,1
BRDA:1076,124,0,2
BRDA:1077,125,0,0
BRDA:1078,126,0,0
BRDA:1086,127,0,1
BRDA:1087,128,0,2
BRDA:1090,129,0,0
BRDA:1101,130,0,1
BRDA:1119,131,0,6
BRDA:1128,132,0,10
BRDA:1128,133,0,9
BRDA:1128,134,0,8
BRDA:1131,135,0,7
BRDA:1132,136,0,3
BRDA:1135,137,0,2
BRDA:1275,138,0,2
BRDA:1284,139,0,4
BRDA:1285,140,0,3
BRDA:1286,141,0,3
BRDA:1287,142,0,3
BRDA:1290,143,0,2
BRDA:1292,144,0,0
BRDA:1296,145,0,4
BRDA:1302,146,0,3
BRDA:1306,147,0,6
BRDA:1307,148,0,4
BRDA:1308,149,0,4
BRDA:1309,150,0,2
BRDA:1312,151,0,2
BRDA:1314,152,0,6
BRDA:1317,153,0,1
BRDA:1322,154,0,1
BRDA:1323,155,0,2
BRF:156
BRH:104
end_of_record
TN:
SF:src\lib\achievementConfig.ts
FN:186,normalizeRule
FN:208,normalizeAchievementsConfig
FN:240,getAchievementLabel
FN:261,getCompletedBookings
FN:266,toYMD
FN:273,resolveBookingStartDate
FN:283,bookingTimestamp
FN:286,countExercisesMastered
FN:290,isExerciseMastered
FN:293,resolveSkillItems
FN:298,hasHomeworkDone
FN:306,hasGraduatedCourse
FN:330,findTwentyHoursTimestamp
FN:339,findLevelUpTimestamp
FN:351,findHomeworkDoneTimestamp
FN:366,findFeedbackTimestamp
FN:378,findCourseGraduateTimestamp
FN:397,latestSkillScoresTimestamp
FN:402,isAchievementRuleMet
FN:447,inferEarnedAt
FN:485,evaluateEarnedAchievements
FN:504,describeAchievementRule
FNF:22
FNH:15
FNDA:2,normalizeRule
FNDA:2,normalizeAchievementsConfig
FNDA:1,getAchievementLabel
FNDA:35,getCompletedBookings
FNDA:0,toYMD
FNDA:1,resolveBookingStartDate
FNDA:1,bookingTimestamp
FNDA:2,countExercisesMastered
FNDA:21,isExerciseMastered
FNDA:14,resolveSkillItems
FNDA:2,hasHomeworkDone
FNDA:2,hasGraduatedCourse
FNDA:0,findTwentyHoursTimestamp
FNDA:0,findLevelUpTimestamp
FNDA:0,findHomeworkDoneTimestamp
FNDA:0,findFeedbackTimestamp
FNDA:0,findCourseGraduateTimestamp
FNDA:2,latestSkillScoresTimestamp
FNDA:32,isAchievementRuleMet
FNDA:3,inferEarnedAt
FNDA:2,evaluateEarnedAchievements
FNDA:0,describeAchievementRule
DA:1,1
DA:54,1
DA:55,1
DA:56,1
DA:57,1
DA:58,1
DA:59,1
DA:60,1
DA:61,1
DA:62,1
DA:63,1
DA:64,1
DA:65,1
DA:66,1
DA:67,1
DA:68,1
DA:69,1
DA:70,1
DA:71,1
DA:72,1
DA:73,1
DA:74,1
DA:75,1
DA:76,1
DA:77,1
DA:78,1
DA:79,1
DA:80,1
DA:81,1
DA:82,1
DA:83,1
DA:84,1
DA:85,1
DA:86,1
DA:87,1
DA:88,1
DA:89,1
DA:90,1
DA:91,1
DA:92,1
DA:93,1
DA:94,1
DA:95,1
DA:96,1
DA:97,1
DA:98,1
DA:99,1
DA:100,1
DA:101,1
DA:102,1
DA:103,1
DA:104,1
DA:105,1
DA:106,1
DA:107,1
DA:108,1
DA:109,1
DA:110,1
DA:111,1
DA:112,1
DA:113,1
DA:114,1
DA:115,1
DA:116,1
DA:117,1
DA:118,1
DA:119,1
DA:120,1
DA:121,1
DA:122,1
DA:123,1
DA:124,1
DA:125,1
DA:126,1
DA:127,1
DA:128,1
DA:129,1
DA:130,1
DA:131,1
DA:132,1
DA:133,1
DA:134,1
DA:135,1
DA:136,1
DA:137,1
DA:138,1
DA:139,1
DA:140,1
DA:141,1
DA:142,1
DA:143,1
DA:144,1
DA:145,1
DA:146,1
DA:147,1
DA:148,1
DA:149,1
DA:150,1
DA:151,1
DA:152,1
DA:153,1
DA:154,1
DA:155,1
DA:156,1
DA:157,1
DA:158,1
DA:159,1
DA:160,1
DA:161,1
DA:162,1
DA:163,1
DA:164,1
DA:165,1
DA:166,1
DA:167,1
DA:168,1
DA:169,1
DA:170,1
DA:171,1
DA:172,1
DA:173,1
DA:174,1
DA:175,1
DA:176,1
DA:177,1
DA:178,1
DA:179,1
DA:180,1
DA:182,1
DA:183,1
DA:184,1
DA:186,1
DA:187,2
DA:188,2
DA:189,2
DA:190,2
DA:191,2
DA:192,1
DA:193,2
DA:194,0
DA:195,0
DA:196,0
DA:197,0
DA:198,2
DA:199,2
DA:200,2
DA:201,2
DA:202,1
DA:203,2
DA:204,0
DA:205,2
DA:206,2
DA:208,1
DA:209,2
DA:210,2
DA:211,2
DA:212,2
DA:213,2
DA:214,2
DA:215,2
DA:216,2
DA:217,2
DA:218,2
DA:219,2
DA:220,2
DA:221,2
DA:222,2
DA:223,2
DA:224,2
DA:225,2
DA:226,2
DA:227,2
DA:228,2
DA:229,2
DA:230,2
DA:232,2
DA:233,2
DA:235,2
DA:236,2
DA:237,2
DA:238,2
DA:240,1
DA:241,1
DA:242,1
DA:243,1
DA:244,1
DA:245,1
DA:246,1
DA:247,0
DA:248,0
DA:249,0
DA:250,0
DA:252,1
DA:253,1
DA:255,0
DA:256,0
DA:258,0
DA:259,0
DA:261,1
DA:262,35
DA:263,35
DA:264,35
DA:266,1
DA:267,0
DA:268,0
DA:269,0
DA:270,0
DA:271,0
DA:273,1
DA:274,1
DA:275,0
DA:276,0
DA:277,0
DA:278,0
DA:279,0
DA:280,1
DA:281,1
DA:283,1
DA:284,1
DA:286,1
DA:287,2
DA:288,2
DA:290,1
DA:291,21
DA:293,1
DA:294,14
DA:295,14
DA:296,14
DA:298,1
DA:299,2
DA:300,1
DA:301,1
DA:302,1
DA:303,1
DA:304,1
DA:306,1
DA:307,2
DA:308,2
DA:309,2
DA:310,2
DA:312,2
DA:313,1
DA:314,1
DA:315,1
DA:316,1
DA:317,1
DA:318,1
DA:319,1
DA:320,1
DA:321,0
DA:322,0
DA:323,0
DA:324,0
DA:325,1
DA:326,0
DA:327,0
DA:328,0
DA:330,1
DA:331,0
DA:332,0
DA:333,0
DA:334,0
DA:335,0
DA:336,0
DA:337,0
DA:339,1
DA:340,0
DA:341,0
DA:342,0
DA:343,0
DA:344,0
DA:345,0
DA:346,0
DA:347,0
DA:348,0
DA:349,0
DA:351,1
DA:352,0
DA:353,0
DA:354,0
DA:355,0
DA:357,0
DA:358,0
DA:359,0
DA:360,0
DA:361,0
DA:362,0
DA:363,0
DA:364,0
DA:366,1
DA:367,0
DA:368,0
DA:369,0
DA:370,0
DA:372,0
DA:373,0
DA:374,0
DA:375,0
DA:376,0
DA:378,1
DA:379,0
DA:380,0
DA:381,0
DA:383,0
DA:384,0
DA:385,0
DA:386,0
DA:387,0
DA:388,0
DA:389,0
DA:390,0
DA:391,0
DA:392,0
DA:393,0
DA:394,0
DA:395,0
DA:397,1
DA:398,2
DA:399,2
DA:400,2
DA:402,1
DA:403,32
DA:404,32
DA:405,32
DA:406,32
DA:407,32
DA:408,32
DA:409,32
DA:410,32
DA:412,32
DA:413,32
DA:414,4
DA:415,32
DA:416,2
DA:417,2
DA:419,32
DA:420,2
DA:421,32
DA:422,2
DA:423,32
DA:424,2
DA:425,2
DA:427,32
DA:428,2
DA:429,2
DA:431,32
DA:432,2
DA:433,32
DA:434,2
DA:435,32
DA:436,14
DA:437,14
DA:438,14
DA:439,14
DA:440,14
DA:441,14
DA:442,32
DA:443,0
DA:444,32
DA:445,32
DA:447,1
DA:448,3
DA:449,3
DA:450,3
DA:451,3
DA:452,3
DA:453,3
DA:454,3
DA:455,3
DA:457,3
DA:458,3
DA:459,1
DA:460,1
DA:461,1
DA:462,1
DA:464,1
DA:465,3
DA:466,0
DA:467,3
DA:468,0
DA:469,3
DA:470,3
DA:471,2
DA:472,3
DA:473,0
DA:474,3
DA:475,0
DA:476,3
DA:477,0
DA:478,3
DA:479,0
DA:480,3
DA:481,0
DA:482,3
DA:483,3
DA:485,1
DA:486,2
DA:487,2
DA:488,2
DA:489,2
DA:491,2
DA:492,2
DA:493,2
DA:494,3
DA:495,3
DA:496,3
DA:497,3
DA:498,3
DA:499,3
DA:500,2
DA:501,2
DA:502,2
DA:504,1
DA:505,0
DA:506,0
DA:507,0
DA:508,0
DA:509,0
DA:510,0
DA:512,0
DA:513,0
DA:514,0
DA:515,0
DA:516,0
DA:517,0
DA:518,0
DA:519,0
DA:520,0
DA:521,0
DA:522,0
DA:523,0
DA:524,0
DA:525,0
DA:526,0
DA:527,0
DA:528,0
DA:529,0
DA:530,0
DA:531,0
DA:532,0
DA:533,0
DA:534,0
DA:535,0
DA:536,0
DA:537,0
DA:538,0
DA:539,0
DA:540,0
DA:541,0
DA:542,0
LF:450
LH:321
BRDA:186,0,0,2
BRDA:188,1,0,1
BRDA:189,2,0,1
BRDA:190,3,0,1
BRDA:191,4,0,1
BRDA:192,5,0,0
BRDA:193,6,0,0
BRDA:198,7,0,1
BRDA:199,8,0,1
BRDA:200,9,0,1
BRDA:201,10,0,1
BRDA:203,11,0,0
BRDA:208,12,0,2
BRDA:211,13,0,0
BRDA:214,14,0,2
BRDA:223,15,0,2
BRDA:227,16,0,0
BRDA:228,17,0,0
BRDA:233,18,0,2
BRDA:240,19,0,1
BRDA:246,20,0,0
BRDA:246,21,0,0
BRDA:246,22,0,0
BRDA:253,23,0,0
BRDA:253,24,0,0
BRDA:252,25,0,13
BRDA:261,26,0,35
BRDA:263,27,0,16
BRDA:273,28,0,1
BRDA:274,29,0,0
BRDA:283,30,0,1
BRDA:286,31,0,2
BRDA:287,32,0,102
BRDA:287,33,0,100
BRDA:290,34,0,21
BRDA:291,35,0,11
BRDA:293,36,0,14
BRDA:295,37,0,34
BRDA:295,38,0,1352
BRDA:296,39,0,34
BRDA:298,40,0,2
BRDA:299,41,0,1
BRDA:301,42,0,0
BRDA:306,43,0,2
BRDA:312,44,0,1
BRDA:320,45,0,0
BRDA:325,46,0,0
BRDA:397,47,0,2
BRDA:400,48,0,0
BRDA:402,49,0,32
BRDA:407,50,0,0
BRDA:408,51,0,15
BRDA:413,52,0,4
BRDA:414,53,0,0
BRDA:415,54,0,2
BRDA:417,55,0,0
BRDA:419,56,0,2
BRDA:420,57,0,0
BRDA:421,58,0,2
BRDA:422,59,0,0
BRDA:423,60,0,2
BRDA:425,61,0,0
BRDA:427,62,0,2
BRDA:431,63,0,2
BRDA:433,64,0,2
BRDA:435,65,0,14
BRDA:436,66,0,0
BRDA:437,67,0,0
BRDA:439,68,0,0
BRDA:442,69,0,0
BRDA:417,70,0,1
BRDA:440,71,0,21
BRDA:447,72,0,3
BRDA:458,73,0,1
BRDA:459,74,0,0
BRDA:461,75,0,0
BRDA:462,76,0,0
BRDA:465,77,0,0
BRDA:467,78,0,0
BRDA:469,79,0,0
BRDA:470,80,0,2
BRDA:472,81,0,0
BRDA:474,82,0,0
BRDA:476,83,0,0
BRDA:478,84,0,0
BRDA:480,85,0,0
BRDA:485,86,0,2
BRDA:492,87,0,30
BRDA:493,88,0,3
BRDA:501,89,0,1
BRF:90
BRH:53
end_of_record
TN:
SF:src\lib\availabilitySlots.ts
FN:6,isCourseBooking
FN:9,blocksInstructorAvailability
FN:18,toAvailabilitySlot
FNF:3
FNH:3
FNDA:9,isCourseBooking
FNDA:7,blocksInstructorAvailability
FNDA:2,toAvailabilitySlot
DA:3,1
DA:4,1
DA:6,1
DA:7,9
DA:9,1
DA:10,7
DA:12,7
DA:13,6
DA:14,5
DA:15,4
DA:16,3
DA:18,1
DA:19,2
DA:20,2
DA:21,2
DA:22,2
DA:23,2
DA:24,2
DA:25,2
DA:26,2
DA:27,2
LF:21
LH:21
BRDA:6,0,0,9
BRDA:9,1,0,7
BRDA:12,2,0,6
BRDA:13,3,0,5
BRDA:14,4,0,4
BRDA:15,5,0,3
BRDA:18,6,0,2
BRDA:26,7,0,1
BRDA:26,8,0,1
BRF:9
BRH:9
end_of_record
TN:
SF:src\lib\courseClone.ts
FN:4,stripUndefinedFields
FN:9,buildClonedCourse
FNF:2
FNH:2
FNDA:2,stripUndefinedFields
FNDA:2,buildClonedCourse
DA:4,1
DA:5,2
DA:6,2
DA:9,1
DA:10,2
DA:11,2
DA:12,2
DA:13,2
DA:14,2
DA:15,2
DA:16,2
DA:17,2
DA:18,2
DA:19,2
DA:20,2
DA:21,2
DA:22,2
DA:24,2
DA:25,2
DA:26,2
DA:27,2
DA:28,2
DA:29,2
DA:30,2
DA:31,2
DA:32,2
DA:33,2
DA:34,2
DA:35,2
DA:36,2
DA:37,2
DA:38,2
DA:39,2
DA:40,2
DA:41,2
DA:42,2
DA:43,2
DA:44,2
DA:46,2
DA:47,2
LF:40
LH:40
BRDA:4,0,0,2
BRDA:5,1,0,56
BRDA:9,2,0,2
BRDA:14,3,0,0
BRDA:20,4,0,0
BRDA:40,5,0,2
BRDA:41,6,0,2
BRDA:42,7,0,2
BRDA:43,8,0,2
BRF:9
BRH:7
end_of_record
TN:
SF:src\lib\courseLevelStyles.ts
FN:43,getCourseLevelCardBadgeClass
FN:54,getCourseTrackLabel
FN:66,getCourseLevelCardClass
FN:71,getCourseLevelModalClass
FN:76,getCourseLevelBadgeClass
FN:87,userLevelToCourseLevel
FN:92,getUserLevelBadgeClass
FNF:7
FNH:3
FNDA:0,getCourseLevelCardBadgeClass
FNDA:0,getCourseTrackLabel
FNDA:5,getCourseLevelCardClass
FNDA:5,getCourseLevelModalClass
FNDA:7,getCourseLevelBadgeClass
FNDA:0,userLevelToCourseLevel
FNDA:0,getUserLevelBadgeClass
DA:6,1
DA:7,1
DA:8,1
DA:9,1
DA:10,1
DA:11,1
DA:12,1
DA:14,1
DA:15,1
DA:16,1
DA:17,1
DA:18,1
DA:19,1
DA:20,1
DA:22,1
DA:23,1
DA:24,1
DA:25,1
DA:26,1
DA:27,1
DA:28,1
DA:30,1
DA:31,1
DA:32,1
DA:33,1
DA:34,1
DA:35,1
DA:36,1
DA:37,1
DA:38,1
DA:39,1
DA:40,1
DA:43,1
DA:44,0
DA:45,0
DA:47,1
DA:48,1
DA:49,1
DA:50,1
DA:51,1
DA:52,1
DA:54,1
DA:55,0
DA:56,0
DA:57,0
DA:58,0
DA:59,0
DA:60,0
DA:61,0
DA:62,0
DA:63,0
DA:66,1
DA:67,5
DA:68,5
DA:71,1
DA:72,5
DA:73,5
DA:76,1
DA:77,7
DA:78,7
DA:80,1
DA:81,1
DA:82,1
DA:83,1
DA:84,1
DA:85,1
DA:87,1
DA:88,0
DA:89,0
DA:92,1
DA:93,0
DA:94,0
LF:72
LH:57
BRDA:66,0,0,5
BRDA:67,1,0,1
BRDA:71,2,0,5
BRDA:72,3,0,1
BRDA:76,4,0,7
BRDA:77,5,0,3
BRF:6
BRH:6
end_of_record
TN:
SF:src\lib\lessonRecommendations.ts
FN:3,createRecommendationId
FN:6,isActiveBookingForRecommendations
FN:9,canInstructorEditRecommendations
FN:23,getRecommendationTasks
FN:48,toggleCompletedRecommendationIds
FN:59,sanitizeRecommendations
FN:64,hasBookingRecommendations
FN:67,hasPendingRecommendations
FN:73,getCourseEnrollmentBooking
FNF:9
FNH:2
FNDA:0,createRecommendationId
FNDA:0,isActiveBookingForRecommendations
FNDA:0,canInstructorEditRecommendations
FNDA:0,getRecommendationTasks
FNDA:0,toggleCompletedRecommendationIds
FNDA:0,sanitizeRecommendations
FNDA:3,hasBookingRecommendations
FNDA:3,hasPendingRecommendations
FNDA:0,getCourseEnrollmentBooking
DA:3,1
DA:4,0
DA:6,1
DA:7,0
DA:9,1
DA:10,0
DA:11,0
DA:12,0
DA:13,0
DA:23,1
DA:24,0
DA:26,0
DA:27,0
DA:28,0
DA:29,0
DA:30,0
DA:31,0
DA:32,0
DA:33,0
DA:34,0
DA:35,0
DA:36,0
DA:37,0
DA:38,0
DA:39,0
DA:40,0
DA:42,0
DA:43,0
DA:44,0
DA:45,0
DA:46,0
DA:48,1
DA:49,0
DA:50,0
DA:51,0
DA:52,0
DA:53,0
DA:54,0
DA:55,0
DA:56,0
DA:57,0
DA:59,1
DA:60,0
DA:61,0
DA:62,0
DA:64,1
DA:65,3
DA:67,1
DA:68,3
DA:69,3
DA:70,3
DA:71,3
DA:73,1
DA:74,0
DA:75,0
DA:76,0
DA:78,0
DA:79,0
DA:80,0
DA:81,0
DA:82,0
DA:83,0
DA:84,0
LF:63
LH:14
BRDA:64,0,0,3
BRDA:65,1,0,1
BRDA:65,2,0,2
BRDA:67,3,0,3
BRDA:68,4,0,2
BRDA:68,5,0,1
BRDA:69,6,0,0
BRDA:70,7,0,0
BRDA:70,8,0,1
BRF:9
BRH:7
end_of_record
TN:
SF:src\lib\notificationText.ts
FN:27,translateKey
FN:31,buildNotification
FN:43,resolveNotificationText
FNF:3
FNH:3
FNDA:10,translateKey
FNDA:2,buildNotification
FNDA:2,resolveNotificationText
DA:1,1
DA:27,1
DA:28,10
DA:29,10
DA:31,1
DA:32,2
DA:33,2
DA:34,2
DA:35,2
DA:36,2
DA:37,2
DA:38,2
DA:39,2
DA:40,2
DA:41,2
DA:43,1
DA:44,2
DA:45,2
DA:46,2
DA:47,2
DA:48,2
DA:49,1
DA:50,1
DA:52,2
DA:53,2
DA:54,1
DA:55,1
DA:57,2
DA:58,2
LF:29
LH:29
BRDA:27,0,0,10
BRDA:28,1,0,0
BRDA:28,2,0,0
BRDA:31,3,0,2
BRDA:43,4,0,2
BRDA:48,5,0,1
BRDA:49,6,0,0
BRDA:49,7,0,0
BRDA:49,8,0,0
BRDA:49,9,0,1
BRDA:50,10,0,0
BRDA:53,11,0,1
BRDA:54,12,0,0
BRDA:54,13,0,0
BRDA:54,14,0,0
BRDA:54,15,0,1
BRDA:55,16,0,0
BRF:17
BRH:7
end_of_record
TN:
SF:src\lib\queryLimits.ts
FNF:0
FNH:0
DA:5,1
DA:6,1
DA:7,1
DA:8,1
DA:9,1
DA:10,1
DA:11,1
DA:12,1
DA:13,1
DA:14,1
DA:15,1
LF:11
LH:11
BRF:0
BRH:0
end_of_record
TN:
SF:src\lib\skillData.ts
FN:33,getRadarDimensionLabel
FN:127,getSkillItemTitle
FN:139,getSkillItemSection
FN:782,inferRadarDimensionFromText
FN:829,classifySkillItemToRadarDimension
FN:846,calculateStudentLevel
FN:883,calculateSkillProgress
FNF:7
FNH:1
FNDA:0,getRadarDimensionLabel
FNDA:15,getSkillItemTitle
FNDA:0,getSkillItemSection
FNDA:0,inferRadarDimensionFromText
FNDA:0,classifySkillItemToRadarDimension
FNDA:0,calculateStudentLevel
FNDA:0,calculateSkillProgress
DA:6,1
DA:7,1
DA:8,1
DA:9,1
DA:10,1
DA:11,1
DA:12,1
DA:13,1
DA:15,1
DA:16,1
DA:17,1
DA:18,1
DA:19,1
DA:20,1
DA:21,1
DA:22,1
DA:24,1
DA:25,1
DA:26,1
DA:27,1
DA:28,1
DA:29,1
DA:30,1
DA:31,1
DA:33,1
DA:34,0
DA:35,0
DA:36,0
DA:37,0
DA:38,0
DA:56,1
DA:57,1
DA:58,1
DA:59,1
DA:60,1
DA:61,1
DA:62,1
DA:63,1
DA:64,1
DA:65,1
DA:66,1
DA:67,1
DA:68,1
DA:69,1
DA:70,1
DA:71,1
DA:73,1
DA:74,1
DA:75,1
DA:76,1
DA:77,1
DA:78,1
DA:79,1
DA:80,1
DA:81,1
DA:82,1
DA:83,1
DA:84,1
DA:85,1
DA:86,1
DA:88,1
DA:89,1
DA:90,1
DA:91,1
DA:92,1
DA:93,1
DA:94,1
DA:95,1
DA:96,1
DA:97,1
DA:98,1
DA:99,1
DA:100,1
DA:101,1
DA:102,1
DA:103,1
DA:104,1
DA:105,1
DA:106,1
DA:107,1
DA:108,1
DA:109,1
DA:110,1
DA:112,1
DA:113,1
DA:114,1
DA:115,1
DA:116,1
DA:117,1
DA:118,1
DA:119,1
DA:120,1
DA:121,1
DA:122,1
DA:123,1
DA:124,1
DA:125,1
DA:127,1
DA:128,15
DA:129,15
DA:130,15
DA:131,15
DA:132,0
DA:133,0
DA:134,0
DA:135,0
DA:136,15
DA:137,15
DA:139,1
DA:140,0
DA:141,0
DA:142,0
DA:143,0
DA:144,0
DA:145,0
DA:146,0
DA:147,0
DA:148,0
DA:149,0
DA:150,0
DA:151,0
DA:158,1
DA:160,1
DA:161,1
DA:162,1
DA:163,1
DA:164,1
DA:165,1
DA:166,1
DA:167,1
DA:168,1
DA:169,1
DA:170,1
DA:171,1
DA:172,1
DA:173,1
DA:174,1
DA:175,1
DA:176,1
DA:177,1
DA:178,1
DA:179,1
DA:180,1
DA:181,1
DA:182,1
DA:183,1
DA:184,1
DA:185,1
DA:186,1
DA:187,1
DA:188,1
DA:189,1
DA:190,1
DA:191,1
DA:192,1
DA:193,1
DA:194,1
DA:195,1
DA:196,1
DA:197,1
DA:198,1
DA:199,1
DA:200,1
DA:201,1
DA:202,1
DA:203,1
DA:204,1
DA:205,1
DA:206,1
DA:207,1
DA:208,1
DA:209,1
DA:210,1
DA:211,1
DA:212,1
DA:213,1
DA:214,1
DA:215,1
DA:216,1
DA:217,1
DA:218,1
DA:219,1
DA:220,1
DA:221,1
DA:222,1
DA:223,1
DA:224,1
DA:225,1
DA:226,1
DA:227,1
DA:228,1
DA:229,1
DA:230,1
DA:231,1
DA:232,1
DA:233,1
DA:234,1
DA:235,1
DA:236,1
DA:237,1
DA:238,1
DA:239,1
DA:240,1
DA:241,1
DA:242,1
DA:243,1
DA:244,1
DA:245,1
DA:246,1
DA:247,1
DA:248,1
DA:249,1
DA:250,1
DA:251,1
DA:252,1
DA:253,1
DA:254,1
DA:255,1
DA:256,1
DA:257,1
DA:258,1
DA:259,1
DA:260,1
DA:261,1
DA:262,1
DA:263,1
DA:264,1
DA:265,1
DA:266,1
DA:267,1
DA:268,1
DA:269,1
DA:270,1
DA:271,1
DA:272,1
DA:273,1
DA:274,1
DA:275,1
DA:276,1
DA:277,1
DA:278,1
DA:279,1
DA:280,1
DA:281,1
DA:282,1
DA:283,1
DA:284,1
DA:285,1
DA:286,1
DA:287,1
DA:288,1
DA:289,1
DA:290,1
DA:291,1
DA:292,1
DA:293,1
DA:294,1
DA:295,1
DA:296,1
DA:297,1
DA:298,1
DA:299,1
DA:300,1
DA:301,1
DA:302,1
DA:303,1
DA:304,1
DA:305,1
DA:306,1
DA:307,1
DA:308,1
DA:309,1
DA:310,1
DA:311,1
DA:312,1
DA:313,1
DA:314,1
DA:315,1
DA:316,1
DA:317,1
DA:318,1
DA:319,1
DA:320,1
DA:321,1
DA:322,1
DA:323,1
DA:324,1
DA:327,1
DA:328,1
DA:329,1
DA:330,1
DA:331,1
DA:332,1
DA:333,1
DA:334,1
DA:335,1
DA:336,1
DA:337,1
DA:338,1
DA:339,1
DA:340,1
DA:341,1
DA:342,1
DA:343,1
DA:344,1
DA:345,1
DA:346,1
DA:347,1
DA:348,1
DA:349,1
DA:350,1
DA:351,1
DA:352,1
DA:353,1
DA:354,1
DA:355,1
DA:356,1
DA:357,1
DA:358,1
DA:359,1
DA:360,1
DA:361,1
DA:362,1
DA:363,1
DA:364,1
DA:365,1
DA:366,1
DA:367,1
DA:368,1
DA:369,1
DA:370,1
DA:371,1
DA:372,1
DA:373,1
DA:374,1
DA:375,1
DA:376,1
DA:377,1
DA:378,1
DA:379,1
DA:380,1
DA:381,1
DA:382,1
DA:383,1
DA:384,1
DA:385,1
DA:386,1
DA:387,1
DA:388,1
DA:389,1
DA:390,1
DA:391,1
DA:392,1
DA:393,1
DA:394,1
DA:395,1
DA:396,1
DA:397,1
DA:398,1
DA:399,1
DA:400,1
DA:401,1
DA:402,1
DA:403,1
DA:404,1
DA:405,1
DA:406,1
DA:407,1
DA:408,1
DA:409,1
DA:410,1
DA:411,1
DA:412,1
DA:413,1
DA:414,1
DA:415,1
DA:416,1
DA:417,1
DA:418,1
DA:419,1
DA:420,1
DA:421,1
DA:422,1
DA:423,1
DA:424,1
DA:425,1
DA:426,1
DA:427,1
DA:428,1
DA:429,1
DA:430,1
DA:431,1
DA:432,1
DA:433,1
DA:434,1
DA:435,1
DA:436,1
DA:437,1
DA:438,1
DA:439,1
DA:440,1
DA:441,1
DA:442,1
DA:443,1
DA:444,1
DA:445,1
DA:446,1
DA:447,1
DA:448,1
DA:449,1
DA:450,1
DA:451,1
DA:452,1
DA:453,1
DA:454,1
DA:455,1
DA:456,1
DA:457,1
DA:458,1
DA:459,1
DA:460,1
DA:461,1
DA:462,1
DA:463,1
DA:464,1
DA:465,1
DA:466,1
DA:467,1
DA:468,1
DA:469,1
DA:470,1
DA:471,1
DA:472,1
DA:473,1
DA:474,1
DA:475,1
DA:476,1
DA:477,1
DA:478,1
DA:479,1
DA:480,1
DA:483,1
DA:484,1
DA:485,1
DA:486,1
DA:487,1
DA:488,1
DA:489,1
DA:490,1
DA:491,1
DA:492,1
DA:493,1
DA:494,1
DA:495,1
DA:496,1
DA:497,1
DA:498,1
DA:499,1
DA:500,1
DA:501,1
DA:502,1
DA:503,1
DA:504,1
DA:505,1
DA:506,1
DA:507,1
DA:508,1
DA:509,1
DA:510,1
DA:511,1
DA:512,1
DA:513,1
DA:514,1
DA:515,1
DA:516,1
DA:517,1
DA:518,1
DA:519,1
DA:520,1
DA:521,1
DA:522,1
DA:523,1
DA:524,1
DA:525,1
DA:526,1
DA:527,1
DA:528,1
DA:529,1
DA:530,1
DA:531,1
DA:532,1
DA:533,1
DA:534,1
DA:535,1
DA:536,1
DA:537,1
DA:538,1
DA:539,1
DA:540,1
DA:541,1
DA:542,1
DA:543,1
DA:544,1
DA:545,1
DA:546,1
DA:547,1
DA:548,1
DA:549,1
DA:550,1
DA:551,1
DA:552,1
DA:553,1
DA:554,1
DA:555,1
DA:556,1
DA:557,1
DA:558,1
DA:559,1
DA:560,1
DA:561,1
DA:562,1
DA:563,1
DA:564,1
DA:565,1
DA:566,1
DA:567,1
DA:568,1
DA:569,1
DA:570,1
DA:571,1
DA:572,1
DA:573,1
DA:574,1
DA:575,1
DA:576,1
DA:577,1
DA:578,1
DA:579,1
DA:580,1
DA:581,1
DA:582,1
DA:583,1
DA:584,1
DA:585,1
DA:586,1
DA:587,1
DA:588,1
DA:589,1
DA:590,1
DA:591,1
DA:592,1
DA:593,1
DA:594,1
DA:595,1
DA:596,1
DA:597,1
DA:598,1
DA:599,1
DA:600,1
DA:601,1
DA:602,1
DA:603,1
DA:604,1
DA:605,1
DA:606,1
DA:607,1
DA:608,1
DA:609,1
DA:610,1
DA:611,1
DA:612,1
DA:613,1
DA:614,1
DA:615,1
DA:616,1
DA:617,1
DA:618,1
DA:619,1
DA:620,1
DA:621,1
DA:622,1
DA:623,1
DA:624,1
DA:625,1
DA:626,1
DA:627,1
DA:628,1
DA:629,1
DA:630,1
DA:631,1
DA:632,1
DA:633,1
DA:634,1
DA:635,1
DA:636,1
DA:637,1
DA:638,1
DA:639,1
DA:640,1
DA:641,1
DA:642,1
DA:643,1
DA:644,1
DA:645,1
DA:646,1
DA:647,1
DA:648,1
DA:649,1
DA:650,1
DA:651,1
DA:652,1
DA:653,1
DA:654,1
DA:655,1
DA:656,1
DA:657,1
DA:658,1
DA:659,1
DA:660,1
DA:661,1
DA:662,1
DA:663,1
DA:664,1
DA:665,1
DA:666,1
DA:667,1
DA:668,1
DA:669,1
DA:670,1
DA:671,1
DA:672,1
DA:673,1
DA:674,1
DA:675,1
DA:676,1
DA:677,1
DA:678,1
DA:679,1
DA:680,1
DA:681,1
DA:682,1
DA:683,1
DA:684,1
DA:685,1
DA:686,1
DA:687,1
DA:688,1
DA:689,1
DA:690,1
DA:691,1
DA:692,1
DA:693,1
DA:694,1
DA:695,1
DA:696,1
DA:697,1
DA:698,1
DA:699,1
DA:700,1
DA:701,1
DA:702,1
DA:703,1
DA:704,1
DA:705,1
DA:706,1
DA:707,1
DA:708,1
DA:709,1
DA:710,1
DA:711,1
DA:712,1
DA:713,1
DA:714,1
DA:715,1
DA:716,1
DA:717,1
DA:718,1
DA:719,1
DA:720,1
DA:721,1
DA:722,1
DA:723,1
DA:724,1
DA:725,1
DA:728,1
DA:729,1
DA:730,1
DA:731,1
DA:732,1
DA:733,1
DA:734,1
DA:735,1
DA:736,1
DA:737,1
DA:738,1
DA:739,1
DA:740,1
DA:741,1
DA:742,1
DA:743,1
DA:744,1
DA:745,1
DA:746,1
DA:747,1
DA:748,1
DA:749,1
DA:750,1
DA:751,1
DA:752,1
DA:753,1
DA:754,1
DA:755,1
DA:756,1
DA:757,1
DA:758,1
DA:759,1
DA:760,1
DA:761,1
DA:762,1
DA:763,1
DA:764,1
DA:765,1
DA:766,1
DA:767,1
DA:768,1
DA:769,1
DA:770,1
DA:771,1
DA:772,1
DA:773,1
DA:774,1
DA:775,1
DA:776,1
DA:777,1
DA:778,1
DA:779,1
DA:780,1
DA:782,0
DA:783,0
DA:784,0
DA:785,0
DA:786,0
DA:788,0
DA:789,0
DA:790,0
DA:791,0
DA:792,0
DA:793,0
DA:794,0
DA:795,0
DA:796,0
DA:797,0
DA:798,0
DA:799,0
DA:800,0
DA:801,0
DA:802,0
DA:803,0
DA:804,0
DA:805,0
DA:806,0
DA:807,0
DA:808,0
DA:809,0
DA:810,0
DA:811,0
DA:812,0
DA:813,0
DA:814,0
DA:815,0
DA:816,0
DA:817,0
DA:818,0
DA:819,0
DA:820,0
DA:821,0
DA:822,0
DA:823,0
DA:824,0
DA:825,0
DA:826,0
DA:829,1
DA:830,0
DA:831,0
DA:832,0
DA:833,0
DA:834,0
DA:835,0
DA:836,0
DA:838,1
DA:839,1
DA:840,1
DA:841,1
DA:846,1
DA:847,0
DA:848,0
DA:849,0
DA:850,0
DA:851,0
DA:854,0
DA:855,0
DA:856,0
DA:857,0
DA:859,0
DA:862,0
DA:863,0
DA:864,0
DA:865,0
DA:867,0
DA:870,0
DA:871,0
DA:872,0
DA:873,0
DA:875,0
DA:877,0
DA:878,0
DA:883,1
DA:884,0
DA:885,0
DA:886,0
DA:887,0
DA:888,0
DA:889,0
DA:890,0
DA:891,0
DA:893,0
DA:894,0
DA:895,0
DA:896,0
DA:897,0
DA:900,0
DA:901,0
DA:902,0
DA:903,0
DA:904,0
DA:905,0
DA:907,0
DA:908,0
DA:909,0
DA:910,0
DA:912,0
DA:913,0
DA:915,0
DA:916,0
DA:917,0
DA:918,0
DA:920,0
DA:921,0
DA:923,0
DA:924,0
DA:925,0
DA:926,0
DA:927,0
DA:928,0
DA:929,0
DA:930,0
DA:931,0
DA:932,0
DA:933,0
DA:934,0
DA:935,0
DA:936,0
DA:937,0
DA:938,0
DA:939,0
DA:940,0
DA:941,0
DA:942,0
DA:943,0
DA:944,0
DA:945,0
DA:946,0
DA:947,0
DA:948,0
DA:949,0
DA:950,0
DA:951,0
DA:952,0
DA:953,0
DA:954,0
DA:955,0
DA:956,0
DA:957,0
DA:958,0
DA:959,0
DA:960,0
DA:961,0
DA:962,0
DA:963,0
LF:889
LH:723
BRDA:127,0,0,15
BRDA:131,1,0,0
BRF:2
BRH:1
end_of_record
TN:
SF:src\lib\todayChecklist.ts
FN:3,skillTodayTaskId
FN:4,customTodayTaskId
FN:6,createCustomTodayTaskId
FN:9,toTodayDateStr
FN:11,resolveCompletedTodayTaskIds
FN:17,toggleStringList
FN:24,buildToggleSkillTodayUpdate
FN:32,buildPinSkillsTodayUpdate
FN:41,getNewlyPinnedSkillTitles
FN:51,buildToggleTodayCompleteUpdate
FN:65,buildAddCustomTodayTaskUpdate
FN:84,buildRemoveTodayTaskUpdate
FNF:12
FNH:6
FNDA:0,skillTodayTaskId
FNDA:0,customTodayTaskId
FNDA:0,createCustomTodayTaskId
FNDA:5,toTodayDateStr
FNDA:2,resolveCompletedTodayTaskIds
FNDA:1,toggleStringList
FNDA:0,buildToggleSkillTodayUpdate
FNDA:1,buildPinSkillsTodayUpdate
FNDA:1,getNewlyPinnedSkillTitles
FNDA:1,buildToggleTodayCompleteUpdate
FNDA:0,buildAddCustomTodayTaskUpdate
FNDA:0,buildRemoveTodayTaskUpdate
DA:3,1
DA:4,1
DA:6,1
DA:7,0
DA:9,1
DA:11,1
DA:12,2
DA:13,2
DA:14,2
DA:15,2
DA:17,1
DA:18,1
DA:19,1
DA:20,0
DA:21,1
DA:22,1
DA:24,1
DA:25,0
DA:26,0
DA:27,0
DA:28,0
DA:29,0
DA:30,0
DA:32,1
DA:33,1
DA:34,1
DA:35,1
DA:36,1
DA:37,1
DA:38,1
DA:39,1
DA:41,1
DA:42,1
DA:43,1
DA:44,1
DA:46,1
DA:47,1
DA:48,1
DA:49,1
DA:51,1
DA:52,1
DA:53,1
DA:54,1
DA:55,1
DA:56,1
DA:57,1
DA:58,1
DA:59,1
DA:60,1
DA:61,1
DA:62,1
DA:63,1
DA:65,1
DA:66,0
DA:67,0
DA:68,0
DA:69,0
DA:70,0
DA:71,0
DA:72,0
DA:73,0
DA:74,0
DA:75,0
DA:84,1
DA:85,0
DA:86,0
DA:87,0
DA:88,0
DA:89,0
DA:90,0
DA:92,0
DA:93,0
DA:94,0
DA:95,0
DA:96,0
DA:97,0
DA:99,0
DA:100,0
DA:101,0
DA:102,0
DA:103,0
DA:104,0
DA:106,0
DA:107,0
DA:108,0
DA:109,0
DA:110,0
DA:112,0
DA:113,0
LF:89
LH:46
BRDA:9,0,0,5
BRDA:11,1,0,2
BRDA:13,2,0,1
BRDA:14,3,0,0
BRDA:17,4,0,1
BRDA:18,5,0,0
BRDA:19,6,0,0
BRDA:32,7,0,1
BRDA:36,8,0,0
BRDA:37,9,0,3
BRDA:41,10,0,1
BRDA:47,11,0,2
BRDA:47,12,0,0
BRDA:48,13,0,1
BRDA:48,14,0,2
BRDA:49,15,0,1
BRDA:51,16,0,1
BRDA:58,17,0,0
BRF:18
BRH:12
end_of_record
TN:
SF:src\lib\trainingStreak.ts
FN:3,toIsoWeekKey
FN:18,getTrainingStreakWeeks
FNF:2
FNH:2
FNDA:6,toIsoWeekKey
FNDA:3,getTrainingStreakWeeks
DA:3,1
DA:4,6
DA:5,6
DA:6,4
DA:7,2
DA:8,6
DA:9,6
DA:10,6
DA:11,6
DA:12,6
DA:13,6
DA:14,6
DA:15,6
DA:16,6
DA:18,1
DA:19,3
DA:20,3
DA:21,3
DA:22,3
DA:24,3
DA:25,3
DA:26,3
DA:27,1
DA:28,1
DA:29,3
DA:31,3
DA:32,3
DA:33,3
DA:34,1
DA:35,1
DA:36,3
DA:38,3
DA:40,2
DA:41,2
DA:42,3
DA:43,4
DA:44,4
DA:45,4
DA:46,4
DA:47,4
DA:48,1
DA:49,1
DA:50,1
DA:51,3
DA:52,2
DA:53,2
DA:54,2
DA:55,2
LF:48
LH:48
BRDA:3,0,0,6
BRDA:5,1,0,4
BRDA:6,2,0,2
BRDA:7,3,0,1
BRDA:7,4,0,1
BRDA:8,5,0,0
BRDA:18,6,0,3
BRDA:38,7,0,2
BRDA:38,8,0,1
BRDA:42,9,0,4
BRDA:46,10,0,0
BRDA:47,11,0,3
BRDA:47,12,0,1
BRDA:51,13,0,1
BRDA:51,14,0,2
BRDA:53,15,0,2
BRDA:25,16,0,1
BRDA:26,17,0,1
BRDA:32,18,0,1
BRDA:33,19,0,1
BRF:20
BRH:18
end_of_record
TN:
SF:src\lib\i18n\pluralize.ts
FN:4,russianPlural
FN:18,pointsWord
FN:24,formatPointsCount
FN:29,formatPointsGain
FNF:4
FNH:4
FNDA:14,russianPlural
FNDA:10,pointsWord
FNDA:10,formatPointsCount
FNDA:5,formatPointsGain
DA:4,1
DA:5,14
DA:6,14
DA:7,14
DA:8,14
DA:9,14
DA:10,14
DA:11,14
DA:12,14
DA:13,4
DA:14,4
DA:16,1
DA:18,1
DA:19,10
DA:20,10
DA:21,10
DA:24,1
DA:25,10
DA:26,10
DA:29,1
DA:30,5
DA:31,5
LF:22
LH:22
BRDA:4,0,0,14
BRDA:11,1,0,5
BRDA:11,2,0,4
BRDA:11,3,0,10
BRDA:12,4,0,9
BRDA:12,5,0,6
BRDA:12,6,0,1
BRDA:12,7,0,6
BRDA:12,8,0,4
BRDA:18,9,0,10
BRDA:19,10,0,6
BRDA:19,11,0,4
BRDA:20,12,0,2
BRDA:20,13,0,2
BRDA:24,14,0,10
BRDA:29,15,0,5
BRF:16
BRH:16
end_of_record
